<?xml version="1.0" encoding="UTF-8"?>
<testng-results total="1" passed="1" failed="0" skipped="0">
  <reporter-output>
    <line>
      <![CDATA[title not match]]>
    </line>
    <line>
      <![CDATA[login complete]]>
    </line>
    <line>
      <![CDATA[add complete]]>
    </line>
    <line>
      <![CDATA[close successful]]>
    </line>
  </reporter-output>
  <suite started-at="2024-05-06T16:45:30Z" name="Suite" finished-at="2024-05-06T16:45:43Z" duration-ms="12949">
    <groups>
    </groups>
    <test started-at="2024-05-06T16:45:30Z" name="Test" finished-at="2024-05-06T16:45:43Z" duration-ms="12949">
      <class name="Com.Tscript.TC001">
        <test-method signature="pom()[pri:0, instance:Com.Tscript.TC001@10959ece]" started-at="2024-05-06T22:15:30Z" name="pom" finished-at="2024-05-06T22:15:43Z" duration-ms="12938" status="PASS">
          <reporter-output>
            <line>
              <![CDATA[title not match]]>
            </line>
            <line>
              <![CDATA[login complete]]>
            </line>
            <line>
              <![CDATA[add complete]]>
            </line>
            <line>
              <![CDATA[close successful]]>
            </line>
          </reporter-output>
        </test-method> <!-- pom -->
      </class> <!-- Com.Tscript.TC001 -->
    </test> <!-- Test -->
  </suite> <!-- Suite -->
</testng-results>
